SF:lib\core\failure\failure.dart
DA:5,1
LF:1
LH:1
end_of_record
SF:lib\features\authentication\domain\entity\auth_entity.dart
DA:14,1
DA:24,0
DA:26,0
LF:3
LH:1
end_of_record
SF:lib\features\authentication\domain\usecases\auth_usecase.dart
DA:9,0
DA:10,0
DA:16,0
DA:22,0
DA:23,0
DA:26,0
DA:27,0
LF:7
LH:0
end_of_record
SF:lib\features\authentication\presentation\navigator\register_navigator.dart
DA:5,0
DA:10,0
DA:11,0
LF:3
LH:0
end_of_record
SF:lib\features\authentication\presentation\navigator\login_navigator.dart
DA:7,0
DA:12,0
DA:13,0
LF:3
LH:0
end_of_record
SF:lib\features\dashboard\presentation\navigator\dashboard_navigator.dart
DA:9,0
DA:10,0
LF:2
LH:0
end_of_record
SF:lib\features\authentication\presentation\viewmodel\auth_view_model.dart
DA:9,3
DA:10,0
DA:11,0
DA:12,0
DA:17,3
DA:35,1
DA:36,3
DA:37,2
DA:38,1
DA:39,0
DA:40,0
DA:42,0
DA:44,0
DA:46,1
DA:47,3
DA:49,1
DA:54,1
DA:58,3
DA:59,2
DA:60,1
DA:61,1
DA:62,4
DA:63,2
DA:65,1
DA:66,3
DA:67,1
DA:73,0
DA:74,0
DA:77,1
DA:78,2
LF:30
LH:21
end_of_record
SF:lib\app\constants\hive_table_constant.dart
DA:2,0
LF:1
LH:0
end_of_record
SF:lib\app\navigator\navigator.dart
DA:6,0
DA:9,0
DA:10,0
DA:11,0
DA:12,0
DA:17,0
DA:18,0
DA:19,0
DA:20,0
DA:25,0
DA:26,0
DA:27,0
LF:12
LH:0
end_of_record
SF:lib\app\navigator_key\navigator_key.dart
DA:4,0
DA:6,3
LF:2
LH:1
end_of_record
SF:lib\core\networking\local\hive_service.dart
DA:7,0
DA:11,0
DA:12,0
DA:13,0
DA:14,0
DA:15,0
DA:18,0
DA:19,0
DA:20,0
DA:24,0
DA:25,0
DA:26,0
DA:27,0
DA:28,0
LF:14
LH:0
end_of_record
SF:lib\features\authentication\data\model\auth_hive_model.dart
DA:10,0
DA:11,0
DA:34,0
DA:40,0
DA:43,0
DA:44,0
DA:55,0
DA:56,0
DA:57,0
DA:59,0
DA:61,0
DA:62,0
DA:66,0
DA:67,0
DA:68,0
DA:70,0
DA:72,0
DA:73,0
DA:77,0
DA:78,0
DA:80,0
DA:82,0
LF:22
LH:0
end_of_record
SF:lib\features\authentication\data\model\auth_hive_model.g.dart
DA:13,0
DA:15,0
DA:16,0
DA:17,0
DA:19,0
DA:20,0
DA:21,0
DA:22,0
DA:23,0
DA:24,0
DA:28,0
DA:31,0
DA:32,0
DA:33,0
DA:34,0
DA:35,0
DA:36,0
DA:37,0
DA:38,0
DA:39,0
DA:40,0
DA:41,0
DA:44,0
DA:45,0
DA:47,0
DA:50,0
DA:51,0
DA:52,0
LF:28
LH:0
end_of_record
SF:lib\features\authentication\data\data_source\local\auth_local_data_source.dart
DA:8,0
DA:9,0
DA:10,0
DA:11,0
DA:19,0
DA:21,0
DA:23,0
DA:26,0
DA:30,0
DA:35,0
DA:38,0
LF:11
LH:0
end_of_record
SF:lib\features\authentication\data\data_source\remote\auth_remote_data_source.dart
DA:11,0
DA:12,0
DA:17,0
DA:19,0
DA:24,0
DA:26,0
DA:31,0
DA:34,0
DA:38,0
DA:39,0
DA:40,0
DA:41,0
DA:45,0
DA:46,0
DA:47,0
DA:48,0
DA:49,0
DA:55,0
DA:57,0
DA:59,0
DA:60,0
DA:61,0
DA:62,0
DA:63,0
DA:66,0
DA:69,0
DA:70,0
DA:71,0
DA:72,0
DA:76,0
DA:77,0
DA:78,0
DA:79,0
DA:80,0
LF:34
LH:0
end_of_record
SF:lib\app\constants\api_endpoint.dart
DA:14,0
LF:1
LH:0
end_of_record
SF:lib\core\networking\remote\http_service.dart
DA:8,0
DA:9,0
DA:15,0
DA:17,0
DA:18,0
DA:19,0
DA:20,0
DA:21,0
DA:22,0
DA:23,0
DA:25,0
LF:11
LH:0
end_of_record
SF:lib\features\authentication\data\repository\auth_local_repository.dart
DA:11,0
DA:12,0
DA:13,0
DA:20,0
DA:22,0
DA:24,0
DA:27,0
DA:29,0
DA:32,0
LF:9
LH:0
end_of_record
SF:lib\features\authentication\domain\repository\auth_repository.dart
DA:11,0
DA:12,0
LF:2
LH:0
end_of_record
SF:lib\features\authentication\data\repository\auth_remote_repository.dart
DA:10,0
DA:11,0
DA:12,0
DA:19,0
DA:21,0
DA:23,0
DA:26,0
DA:28,0
LF:8
LH:0
end_of_record
SF:lib\features\authentication\presentation\view\login_view.dart
DA:130,3
DA:132,0
DA:133,0
DA:141,0
DA:143,0
DA:144,0
DA:147,0
DA:149,0
DA:154,0
DA:156,0
DA:157,0
DA:158,0
DA:159,0
DA:160,0
DA:161,0
DA:163,0
DA:166,0
DA:167,0
DA:170,0
DA:171,0
DA:174,0
DA:177,0
DA:178,0
DA:187,0
DA:188,0
DA:191,0
DA:194,0
DA:196,0
DA:197,0
DA:198,0
DA:199,0
DA:200,0
DA:201,0
DA:206,0
DA:207,0
DA:209,0
DA:213,0
DA:216,0
DA:218,0
DA:219,0
DA:220,0
DA:221,0
DA:223,0
DA:225,0
LF:44
LH:1
end_of_record
SF:lib\features\authentication\presentation\view\register_view.dart
DA:201,2
DA:203,0
DA:204,0
DA:213,0
DA:215,0
DA:216,0
DA:217,0
DA:218,0
DA:219,0
DA:220,0
DA:223,0
DA:226,0
DA:228,0
DA:231,0
DA:233,0
DA:235,0
DA:237,0
DA:239,0
DA:240,0
DA:242,0
DA:243,0
DA:244,0
DA:245,0
DA:246,0
DA:247,0
DA:250,0
DA:253,0
DA:259,0
DA:261,0
DA:264,0
DA:265,0
DA:266,0
DA:267,0
DA:268,0
DA:269,0
DA:272,0
DA:275,0
DA:283,0
DA:285,0
DA:289,0
DA:290,0
DA:291,0
DA:292,0
DA:293,0
DA:294,0
DA:297,0
DA:300,0
DA:308,0
DA:310,0
DA:314,0
DA:315,0
DA:316,0
DA:317,0
DA:318,0
DA:319,0
DA:322,0
DA:325,0
DA:332,0
DA:334,0
DA:338,0
DA:339,0
DA:340,0
DA:341,0
DA:342,0
DA:344,0
DA:345,0
DA:346,0
DA:348,0
DA:349,0
DA:350,0
DA:351,0
DA:353,0
DA:355,0
DA:359,0
DA:360,0
DA:361,0
DA:362,0
DA:363,0
DA:364,0
DA:367,0
DA:376,0
DA:378,0
DA:379,0
DA:380,0
DA:381,0
LF:85
LH:1
end_of_record
SF:lib\features\authentication\presentation\state\auth_state.dart
DA:6,1
DA:12,1
DA:13,1
DA:20,1
DA:25,1
DA:26,0
DA:27,1
DA:28,1
DA:32,0
DA:33,0
LF:10
LH:7
end_of_record
SF:lib\features\dashboard\presentation\view\dashboard_view.dart
DA:9,1
DA:11,0
DA:12,0
DA:26,0
DA:28,0
DA:30,0
DA:31,0
DA:32,0
DA:35,0
DA:38,0
DA:39,0
DA:42,0
DA:44,0
DA:45,0
DA:48,0
DA:50,0
DA:51,0
DA:54,0
DA:56,0
DA:57,0
DA:58,0
DA:59,0
DA:60,0
DA:61,0
DA:62,0
LF:25
LH:1
end_of_record
SF:lib\core\common\my_snackbar.dart
DA:4,1
DA:8,2
DA:9,0
DA:10,0
LF:4
LH:2
end_of_record
SF:lib\features\home\presentation\view\home_view.dart
DA:81,1
DA:83,0
DA:84,0
DA:90,0
DA:92,0
DA:93,0
DA:96,0
DA:98,0
DA:99,0
DA:100,0
DA:101,0
DA:102,0
DA:103,0
DA:104,0
DA:109,0
DA:112,0
DA:113,0
DA:115,0
DA:116,0
DA:117,0
DA:118,0
DA:119,0
DA:120,0
DA:121,0
DA:123,0
DA:124,0
DA:125,0
DA:126,0
DA:127,0
DA:130,0
DA:131,0
DA:133,0
DA:134,0
DA:135,0
DA:136,0
DA:138,0
DA:142,0
DA:154,0
DA:159,0
DA:160,0
DA:161,0
LF:41
LH:1
end_of_record
SF:lib\utils\sensors\double_shake_sensor.dart
DA:12,0
DA:14,0
DA:15,0
DA:16,0
DA:17,0
DA:18,0
DA:19,0
DA:21,0
DA:23,0
DA:24,0
DA:29,0
DA:30,0
LF:12
LH:0
end_of_record
SF:lib\features\job\presentation\viewmodel\job_viewmodel.dart
DA:69,3
DA:70,0
DA:71,0
DA:76,3
DA:77,1
DA:81,0
DA:82,0
DA:83,0
DA:86,1
DA:88,3
DA:89,1
DA:90,2
DA:91,1
DA:92,1
DA:94,2
DA:95,1
DA:96,0
DA:97,0
DA:98,0
DA:99,0
DA:101,1
DA:102,1
DA:103,0
DA:106,3
DA:108,2
DA:116,0
LF:26
LH:15
end_of_record
SF:lib\core\networking\remote\dio_error_interceptor.dart
DA:4,0
DA:6,0
DA:8,0
DA:9,0
DA:10,0
DA:11,0
DA:12,0
DA:13,0
DA:16,0
DA:17,0
DA:18,0
DA:20,0
DA:25,0
DA:26,0
DA:28,0
DA:31,0
LF:16
LH:0
end_of_record
SF:lib\features\job\data\data_source\job_remote_data_source.dart
DA:12,0
DA:13,0
DA:14,0
DA:15,0
DA:23,0
DA:29,0
DA:31,0
DA:36,0
DA:38,0
DA:39,0
DA:40,0
DA:41,0
DA:48,0
DA:49,0
DA:50,0
DA:51,0
DA:55,0
DA:56,0
DA:57,0
DA:58,0
LF:20
LH:0
end_of_record
SF:lib\features\job\data\model\job_api_model.dart
DA:6,0
DA:7,0
DA:20,0
DA:28,2
DA:37,0
DA:38,0
DA:39,0
DA:40,0
DA:41,0
DA:42,0
DA:43,0
DA:44,0
DA:51,0
DA:52,0
DA:53,0
DA:54,0
DA:55,0
DA:56,0
DA:57,0
DA:62,0
DA:63,0
DA:64,0
DA:65,0
DA:66,0
DA:67,0
DA:68,0
DA:73,0
DA:74,0
DA:75,0
DA:76,0
DA:77,0
DA:78,0
DA:79,0
DA:85,0
DA:86,0
DA:88,0
DA:89,0
LF:37
LH:1
end_of_record
SF:lib\features\job\domain\entity\job_entity.dart
DA:11,1
DA:20,1
DA:22,7
LF:3
LH:3
end_of_record
SF:lib\features\job\data\repository\job_remote_repository.dart
DA:9,0
DA:10,0
DA:11,0
DA:18,0
DA:20,0
DA:22,0
LF:6
LH:0
end_of_record
SF:lib\features\job\domain\repository\job_repository.dart
DA:8,0
DA:9,0
LF:2
LH:0
end_of_record
SF:lib\features\job\domain\usecases\job_usecase.dart
DA:9,0
DA:10,0
DA:11,0
DA:18,0
DA:21,0
DA:22,0
LF:6
LH:0
end_of_record
SF:lib\features\job\presentation\state\job_state.dart
DA:10,1
DA:18,1
DA:19,1
DA:20,1
DA:28,1
DA:35,1
DA:36,1
DA:37,0
DA:38,1
DA:39,1
DA:40,1
LF:11
LH:10
end_of_record
